<?xml version="1.0" encoding="UTF-8"?>
<!-- Generated by org.testng.reporters.JUnitReportReporter -->
<testsuite hostname="DESKTOP-4FAHTHV" name="package1.Testmaven1" tests="1" failures="0" timestamp="26 Oct 2019 14:19:00 GMT" time="3.874" errors="0">
  <testcase name="f" time="3.874" classname="package1.Testmaven1"/>
</testsuite> <!-- package1.Testmaven1 -->
