<?xml version="1.0" encoding="UTF-8"?>
<!-- Generated by org.testng.reporters.JUnitReportReporter -->
<testsuite hostname="DESKTOP-4FAHTHV" name="package1.Testmaven1" tests="1" failures="0" timestamp="26 Oct 2019 16:24:45 GMT" time="11.929" errors="0">
  <testcase name="f" time="11.929" classname="package1.Testmaven1"/>
</testsuite> <!-- package1.Testmaven1 -->
